
**** 05/16/22 21:37:55 *********** Evaluation PSpice (Nov 1999) **************

 * C:\POE\EX10.sch


 ****     CIRCUIT DESCRIPTION


******************************************************************************




* Schematics Version 9.1 - Web Update 1
* Mon May 16 19:41:59 2022



** Analysis setup **
.tran 0ns 5ms
.OP 


* From [PSPICE NETLIST] section of pspiceev.ini:
.lib "nom.lib"

.INC "EX10.net"

**** INCLUDING EX10.net ****
* Schematics Netlist *



D_D1         0 $N_0001 D1N4002 
C_C1         $N_0002 $N_0001  100n  
V_V1         $N_0002 0 DC 0 AC 0
+SIN 0 20v 1k 0 0 0

**** RESUMING EX10.cir ****
.INC "EX10.als"



**** INCLUDING EX10.als ****
* Schematics Aliases *

.ALIASES
D_D1            D1(1=0 2=$N_0001 )
C_C1            C1(1=$N_0002 2=$N_0001 )
V_V1            V1(+=$N_0002 -=0 )
.ENDALIASES


**** RESUMING EX10.cir ****
.probe


.END

**** 05/16/22 21:37:55 *********** Evaluation PSpice (Nov 1999) **************

 * C:\POE\EX10.sch


 ****     Diode MODEL PARAMETERS


******************************************************************************




               D1N4002         
          IS   14.110000E-09 
           N    1.984        
         ISR  100.000000E-12 
         IKF   94.81         
          BV  100.1          
         IBV   10            
          RS     .03389      
          TT    4.761000E-06 
         CJO   51.170000E-12 
          VJ     .3905       
           M     .2762       


**** 05/16/22 21:37:55 *********** Evaluation PSpice (Nov 1999) **************

 * C:\POE\EX10.sch


 ****     SMALL SIGNAL BIAS SOLUTION       TEMPERATURE =   27.000 DEG C


******************************************************************************



 NODE   VOLTAGE     NODE   VOLTAGE     NODE   VOLTAGE     NODE   VOLTAGE


($N_0001)-86.72E-15                   ($N_0002)    0.0000                   




    VOLTAGE SOURCE CURRENTS
    NAME         CURRENT

    V_V1         0.000E+00

    TOTAL POWER DISSIPATION   0.00E+00  WATTS


**** 05/16/22 21:37:55 *********** Evaluation PSpice (Nov 1999) **************

 * C:\POE\EX10.sch


 ****     OPERATING POINT INFORMATION      TEMPERATURE =   27.000 DEG C


******************************************************************************






**** DIODES


NAME         D_D1      
MODEL        D1N4002   
ID           2.40E-20 
VD           8.67E-14 
REQ          3.61E+06 
CAP          5.25E-11 
**** 05/16/22 21:37:55 *********** Evaluation PSpice (Nov 1999) **************

 * C:\POE\EX10.sch


 ****     INITIAL TRANSIENT SOLUTION       TEMPERATURE =   27.000 DEG C


******************************************************************************



 NODE   VOLTAGE     NODE   VOLTAGE     NODE   VOLTAGE     NODE   VOLTAGE


($N_0001)-86.72E-15                   ($N_0002)    0.0000                   




    VOLTAGE SOURCE CURRENTS
    NAME         CURRENT

    V_V1         0.000E+00

    TOTAL POWER DISSIPATION   0.00E+00  WATTS



          JOB CONCLUDED

          TOTAL JOB TIME            0.00
