
**** 05/16/22 21:07:28 *********** Evaluation PSpice (Nov 1999) **************

 * C:\POE\EX5.sch


 ****     CIRCUIT DESCRIPTION


******************************************************************************




* Schematics Version 9.1 - Web Update 1
* Mon May 16 21:07:28 2022



** Analysis setup **
.tran 0ns 5ms
.OP 


* From [PSPICE NETLIST] section of pspiceev.ini:
.lib "nom.lib"

.INC "EX5.net"

**** INCLUDING EX5.net ****
* Schematics Netlist *



R_R1         0 Vout  1k  
D_D1         Vin Vout D1N4002 
V_V1         Vin 0 DC 0 AC 0
+SIN 0 5V 1k 0 0 0

**** RESUMING EX5.cir ****
.INC "EX5.als"



**** INCLUDING EX5.als ****
* Schematics Aliases *

.ALIASES
R_R1            R1(1=0 2=Vout )
D_D1            D1(1=Vin 2=Vout )
V_V1            V1(+=Vin -=0 )
_    _(Vout=Vout)
_    _(Vin=Vin)
.ENDALIASES


**** RESUMING EX5.cir ****
.probe


.END

**** 05/16/22 21:07:28 *********** Evaluation PSpice (Nov 1999) **************

 * C:\POE\EX5.sch


 ****     Diode MODEL PARAMETERS


******************************************************************************




               D1N4002         
          IS   14.110000E-09 
           N    1.984        
         ISR  100.000000E-12 
         IKF   94.81         
          BV  100.1          
         IBV   10            
          RS     .03389      
          TT    4.761000E-06 
         CJO   51.170000E-12 
          VJ     .3905       
           M     .2762       


**** 05/16/22 21:07:28 *********** Evaluation PSpice (Nov 1999) **************

 * C:\POE\EX5.sch


 ****     SMALL SIGNAL BIAS SOLUTION       TEMPERATURE =   27.000 DEG C


******************************************************************************



 NODE   VOLTAGE     NODE   VOLTAGE     NODE   VOLTAGE     NODE   VOLTAGE


(  Vin)    0.0000  ( Vout)-30.71E-21  




    VOLTAGE SOURCE CURRENTS
    NAME         CURRENT

    V_V1         3.071E-23

    TOTAL POWER DISSIPATION   0.00E+00  WATTS


**** 05/16/22 21:07:28 *********** Evaluation PSpice (Nov 1999) **************

 * C:\POE\EX5.sch


 ****     OPERATING POINT INFORMATION      TEMPERATURE =   27.000 DEG C


******************************************************************************






**** DIODES


NAME         D_D1      
MODEL        D1N4002   
ID           0.00E+00 
VD           3.07E-20 
REQ          3.61E+06 
CAP          5.25E-11 
**** 05/16/22 21:07:28 *********** Evaluation PSpice (Nov 1999) **************

 * C:\POE\EX5.sch


 ****     INITIAL TRANSIENT SOLUTION       TEMPERATURE =   27.000 DEG C


******************************************************************************



 NODE   VOLTAGE     NODE   VOLTAGE     NODE   VOLTAGE     NODE   VOLTAGE


(  Vin)    0.0000  ( Vout)-30.71E-21  




    VOLTAGE SOURCE CURRENTS
    NAME         CURRENT

    V_V1         3.071E-23

    TOTAL POWER DISSIPATION   0.00E+00  WATTS



          JOB CONCLUDED

          TOTAL JOB TIME             .02
